{"E:\\site-gamer-2025\\backend\\routes\\content.js": {"path":"E:\\site-gamer-2025\\backend\\routes\\content.js","statementMap":{"0":{"start":{"line":2,"column":16},"end":{"line":2,"column":34}},"1":{"start":{"line":3,"column":15},"end":{"line":3,"column":31}},"2":{"start":{"line":4,"column":13},"end":{"line":4,"column":42}},"3":{"start":{"line":8,"column":2},"end":{"line":8,"column":68}},"4":{"start":{"line":9,"column":19},"end":{"line":9,"column":107}},"5":{"start":{"line":10,"column":2},"end":{"line":13,"column":3}},"6":{"start":{"line":11,"column":4},"end":{"line":11,"column":58}},"7":{"start":{"line":12,"column":4},"end":{"line":12,"column":16}},"8":{"start":{"line":14,"column":2},"end":{"line":14,"column":20}},"9":{"start":{"line":18,"column":0},"end":{"line":44,"column":3}},"10":{"start":{"line":19,"column":2},"end":{"line":43,"column":3}},"11":{"start":{"line":20,"column":16},"end":{"line":20,"column":36}},"12":{"start":{"line":21,"column":18},"end":{"line":21,"column":42}},"13":{"start":{"line":23,"column":4},"end":{"line":25,"column":5}},"14":{"start":{"line":24,"column":6},"end":{"line":24,"column":67}},"15":{"start":{"line":27,"column":21},"end":{"line":30,"column":5}},"16":{"start":{"line":33,"column":4},"end":{"line":37,"column":7}},"17":{"start":{"line":34,"column":6},"end":{"line":36,"column":7}},"18":{"start":{"line":35,"column":8},"end":{"line":35,"column":91}},"19":{"start":{"line":35,"column":65},"end":{"line":35,"column":73}},"20":{"start":{"line":39,"column":4},"end":{"line":39,"column":19}},"21":{"start":{"line":41,"column":4},"end":{"line":41,"column":51}},"22":{"start":{"line":42,"column":4},"end":{"line":42,"column":50}},"23":{"start":{"line":47,"column":0},"end":{"line":66,"column":3}},"24":{"start":{"line":48,"column":2},"end":{"line":65,"column":3}},"25":{"start":{"line":49,"column":16},"end":{"line":49,"column":36}},"26":{"start":{"line":50,"column":18},"end":{"line":50,"column":42}},"27":{"start":{"line":52,"column":4},"end":{"line":54,"column":5}},"28":{"start":{"line":53,"column":6},"end":{"line":53,"column":67}},"29":{"start":{"line":56,"column":21},"end":{"line":59,"column":5}},"30":{"start":{"line":61,"column":4},"end":{"line":61,"column":19}},"31":{"start":{"line":63,"column":4},"end":{"line":63,"column":53}},"32":{"start":{"line":64,"column":4},"end":{"line":64,"column":50}},"33":{"start":{"line":69,"column":0},"end":{"line":88,"column":3}},"34":{"start":{"line":70,"column":2},"end":{"line":87,"column":3}},"35":{"start":{"line":71,"column":16},"end":{"line":71,"column":36}},"36":{"start":{"line":72,"column":18},"end":{"line":72,"column":42}},"37":{"start":{"line":74,"column":4},"end":{"line":76,"column":5}},"38":{"start":{"line":75,"column":6},"end":{"line":75,"column":67}},"39":{"start":{"line":78,"column":21},"end":{"line":81,"column":5}},"40":{"start":{"line":83,"column":4},"end":{"line":83,"column":19}},"41":{"start":{"line":85,"column":4},"end":{"line":85,"column":47}},"42":{"start":{"line":86,"column":4},"end":{"line":86,"column":50}},"43":{"start":{"line":91,"column":0},"end":{"line":110,"column":3}},"44":{"start":{"line":92,"column":2},"end":{"line":109,"column":3}},"45":{"start":{"line":93,"column":16},"end":{"line":93,"column":36}},"46":{"start":{"line":94,"column":18},"end":{"line":94,"column":42}},"47":{"start":{"line":96,"column":4},"end":{"line":98,"column":5}},"48":{"start":{"line":97,"column":6},"end":{"line":97,"column":67}},"49":{"start":{"line":100,"column":21},"end":{"line":103,"column":5}},"50":{"start":{"line":105,"column":4},"end":{"line":105,"column":19}},"51":{"start":{"line":107,"column":4},"end":{"line":107,"column":49}},"52":{"start":{"line":108,"column":4},"end":{"line":108,"column":50}},"53":{"start":{"line":113,"column":0},"end":{"line":132,"column":3}},"54":{"start":{"line":114,"column":2},"end":{"line":131,"column":3}},"55":{"start":{"line":115,"column":16},"end":{"line":115,"column":36}},"56":{"start":{"line":116,"column":18},"end":{"line":116,"column":42}},"57":{"start":{"line":118,"column":4},"end":{"line":120,"column":5}},"58":{"start":{"line":119,"column":6},"end":{"line":119,"column":67}},"59":{"start":{"line":122,"column":21},"end":{"line":125,"column":5}},"60":{"start":{"line":127,"column":4},"end":{"line":127,"column":19}},"61":{"start":{"line":129,"column":4},"end":{"line":129,"column":52}},"62":{"start":{"line":130,"column":4},"end":{"line":130,"column":50}},"63":{"start":{"line":134,"column":0},"end":{"line":134,"column":24}}},"fnMap":{"0":{"name":"getCategoryId","decl":{"start":{"line":7,"column":15},"end":{"line":7,"column":28}},"loc":{"start":{"line":7,"column":34},"end":{"line":15,"column":1}},"line":7},"1":{"name":"(anonymous_1)","decl":{"start":{"line":18,"column":37},"end":{"line":18,"column":38}},"loc":{"start":{"line":18,"column":57},"end":{"line":44,"column":1}},"line":18},"2":{"name":"(anonymous_2)","decl":{"start":{"line":33,"column":17},"end":{"line":33,"column":18}},"loc":{"start":{"line":33,"column":22},"end":{"line":37,"column":5}},"line":33},"3":{"name":"(anonymous_3)","decl":{"start":{"line":35,"column":60},"end":{"line":35,"column":61}},"loc":{"start":{"line":35,"column":65},"end":{"line":35,"column":73}},"line":35},"4":{"name":"(anonymous_4)","decl":{"start":{"line":47,"column":39},"end":{"line":47,"column":40}},"loc":{"start":{"line":47,"column":59},"end":{"line":66,"column":1}},"line":47},"5":{"name":"(anonymous_5)","decl":{"start":{"line":69,"column":33},"end":{"line":69,"column":34}},"loc":{"start":{"line":69,"column":53},"end":{"line":88,"column":1}},"line":69},"6":{"name":"(anonymous_6)","decl":{"start":{"line":91,"column":35},"end":{"line":91,"column":36}},"loc":{"start":{"line":91,"column":55},"end":{"line":110,"column":1}},"line":91},"7":{"name":"(anonymous_7)","decl":{"start":{"line":113,"column":38},"end":{"line":113,"column":39}},"loc":{"start":{"line":113,"column":58},"end":{"line":132,"column":1}},"line":113}},"branchMap":{"0":{"loc":{"start":{"line":10,"column":2},"end":{"line":13,"column":3}},"type":"if","locations":[{"start":{"line":10,"column":2},"end":{"line":13,"column":3}},{"start":{},"end":{}}],"line":10},"1":{"loc":{"start":{"line":23,"column":4},"end":{"line":25,"column":5}},"type":"if","locations":[{"start":{"line":23,"column":4},"end":{"line":25,"column":5}},{"start":{},"end":{}}],"line":23},"2":{"loc":{"start":{"line":34,"column":6},"end":{"line":36,"column":7}},"type":"if","locations":[{"start":{"line":34,"column":6},"end":{"line":36,"column":7}},{"start":{},"end":{}}],"line":34},"3":{"loc":{"start":{"line":52,"column":4},"end":{"line":54,"column":5}},"type":"if","locations":[{"start":{"line":52,"column":4},"end":{"line":54,"column":5}},{"start":{},"end":{}}],"line":52},"4":{"loc":{"start":{"line":74,"column":4},"end":{"line":76,"column":5}},"type":"if","locations":[{"start":{"line":74,"column":4},"end":{"line":76,"column":5}},{"start":{},"end":{}}],"line":74},"5":{"loc":{"start":{"line":96,"column":4},"end":{"line":98,"column":5}},"type":"if","locations":[{"start":{"line":96,"column":4},"end":{"line":98,"column":5}},{"start":{},"end":{}}],"line":96},"6":{"loc":{"start":{"line":118,"column":4},"end":{"line":120,"column":5}},"type":"if","locations":[{"start":{"line":118,"column":4},"end":{"line":120,"column":5}},{"start":{},"end":{}}],"line":118}},"s":{"0":0,"1":0,"2":0,"3":0,"4":0,"5":0,"6":0,"7":0,"8":0,"9":0,"10":0,"11":0,"12":0,"13":0,"14":0,"15":0,"16":0,"17":0,"18":0,"19":0,"20":0,"21":0,"22":0,"23":0,"24":0,"25":0,"26":0,"27":0,"28":0,"29":0,"30":0,"31":0,"32":0,"33":0,"34":0,"35":0,"36":0,"37":0,"38":0,"39":0,"40":0,"41":0,"42":0,"43":0,"44":0,"45":0,"46":0,"47":0,"48":0,"49":0,"50":0,"51":0,"52":0,"53":0,"54":0,"55":0,"56":0,"57":0,"58":0,"59":0,"60":0,"61":0,"62":0,"63":0},"f":{"0":0,"1":0,"2":0,"3":0,"4":0,"5":0,"6":0,"7":0},"b":{"0":[0,0],"1":[0,0],"2":[0,0],"3":[0,0],"4":[0,0],"5":[0,0],"6":[0,0]}}
,"E:\\site-gamer-2025\\backend\\routes\\fiches.js": {"path":"E:\\site-gamer-2025\\backend\\routes\\fiches.js","statementMap":{"0":{"start":{"line":1,"column":16},"end":{"line":1,"column":34}},"1":{"start":{"line":2,"column":15},"end":{"line":2,"column":31}},"2":{"start":{"line":3,"column":13},"end":{"line":3,"column":42}},"3":{"start":{"line":4,"column":48},"end":{"line":4,"column":82}},"4":{"start":{"line":5,"column":13},"end":{"line":5,"column":28}},"5":{"start":{"line":8,"column":0},"end":{"line":34,"column":3}},"6":{"start":{"line":9,"column":2},"end":{"line":33,"column":3}},"7":{"start":{"line":10,"column":19},"end":{"line":10,"column":29}},"8":{"start":{"line":13,"column":19},"end":{"line":13,"column":81}},"9":{"start":{"line":14,"column":4},"end":{"line":16,"column":5}},"10":{"start":{"line":15,"column":6},"end":{"line":15,"column":83}},"11":{"start":{"line":18,"column":20},"end":{"line":18,"column":34}},"12":{"start":{"line":19,"column":20},"end":{"line":19,"column":49}},"13":{"start":{"line":22,"column":32},"end":{"line":22,"column":61}},"14":{"start":{"line":24,"column":4},"end":{"line":28,"column":7}},"15":{"start":{"line":31,"column":4},"end":{"line":31,"column":55}},"16":{"start":{"line":32,"column":4},"end":{"line":32,"column":67}},"17":{"start":{"line":37,"column":0},"end":{"line":57,"column":3}},"18":{"start":{"line":38,"column":2},"end":{"line":56,"column":3}},"19":{"start":{"line":39,"column":19},"end":{"line":39,"column":29}},"20":{"start":{"line":42,"column":21},"end":{"line":42,"column":86}},"21":{"start":{"line":43,"column":4},"end":{"line":45,"column":5}},"22":{"start":{"line":44,"column":6},"end":{"line":44,"column":83}},"23":{"start":{"line":47,"column":22},"end":{"line":47,"column":34}},"24":{"start":{"line":48,"column":20},"end":{"line":48,"column":49}},"25":{"start":{"line":50,"column":19},"end":{"line":50,"column":50}},"26":{"start":{"line":51,"column":4},"end":{"line":51,"column":57}},"27":{"start":{"line":54,"column":4},"end":{"line":54,"column":56}},"28":{"start":{"line":55,"column":4},"end":{"line":55,"column":80}},"29":{"start":{"line":60,"column":0},"end":{"line":100,"column":3}},"30":{"start":{"line":61,"column":2},"end":{"line":99,"column":3}},"31":{"start":{"line":62,"column":22},"end":{"line":62,"column":35}},"32":{"start":{"line":63,"column":4},"end":{"line":63,"column":56}},"33":{"start":{"line":66,"column":19},"end":{"line":66,"column":88}},"34":{"start":{"line":68,"column":4},"end":{"line":71,"column":5}},"35":{"start":{"line":69,"column":6},"end":{"line":69,"column":62}},"36":{"start":{"line":70,"column":6},"end":{"line":70,"column":71}},"37":{"start":{"line":73,"column":20},"end":{"line":73,"column":34}},"38":{"start":{"line":74,"column":4},"end":{"line":74,"column":51}},"39":{"start":{"line":76,"column":4},"end":{"line":79,"column":5}},"40":{"start":{"line":77,"column":6},"end":{"line":77,"column":62}},"41":{"start":{"line":78,"column":6},"end":{"line":78,"column":95}},"42":{"start":{"line":81,"column":20},"end":{"line":81,"column":49}},"43":{"start":{"line":82,"column":17},"end":{"line":82,"column":49}},"44":{"start":{"line":84,"column":4},"end":{"line":94,"column":5}},"45":{"start":{"line":85,"column":6},"end":{"line":85,"column":44}},"46":{"start":{"line":86,"column":6},"end":{"line":86,"column":40}},"47":{"start":{"line":88,"column":6},"end":{"line":88,"column":42}},"48":{"start":{"line":89,"column":6},"end":{"line":93,"column":9}},"49":{"start":{"line":97,"column":4},"end":{"line":97,"column":52}},"50":{"start":{"line":98,"column":4},"end":{"line":98,"column":67}},"51":{"start":{"line":102,"column":0},"end":{"line":102,"column":24}}},"fnMap":{"0":{"name":"(anonymous_0)","decl":{"start":{"line":8,"column":35},"end":{"line":8,"column":36}},"loc":{"start":{"line":8,"column":55},"end":{"line":34,"column":1}},"line":8},"1":{"name":"(anonymous_1)","decl":{"start":{"line":37,"column":29},"end":{"line":37,"column":30}},"loc":{"start":{"line":37,"column":49},"end":{"line":57,"column":1}},"line":37},"2":{"name":"(anonymous_2)","decl":{"start":{"line":60,"column":33},"end":{"line":60,"column":34}},"loc":{"start":{"line":60,"column":53},"end":{"line":100,"column":1}},"line":60}},"branchMap":{"0":{"loc":{"start":{"line":14,"column":4},"end":{"line":16,"column":5}},"type":"if","locations":[{"start":{"line":14,"column":4},"end":{"line":16,"column":5}},{"start":{},"end":{}}],"line":14},"1":{"loc":{"start":{"line":43,"column":4},"end":{"line":45,"column":5}},"type":"if","locations":[{"start":{"line":43,"column":4},"end":{"line":45,"column":5}},{"start":{},"end":{}}],"line":43},"2":{"loc":{"start":{"line":68,"column":4},"end":{"line":71,"column":5}},"type":"if","locations":[{"start":{"line":68,"column":4},"end":{"line":71,"column":5}},{"start":{},"end":{}}],"line":68},"3":{"loc":{"start":{"line":76,"column":4},"end":{"line":79,"column":5}},"type":"if","locations":[{"start":{"line":76,"column":4},"end":{"line":79,"column":5}},{"start":{},"end":{}}],"line":76},"4":{"loc":{"start":{"line":84,"column":4},"end":{"line":94,"column":5}},"type":"if","locations":[{"start":{"line":84,"column":4},"end":{"line":94,"column":5}},{"start":{"line":87,"column":11},"end":{"line":94,"column":5}}],"line":84}},"s":{"0":1,"1":1,"2":1,"3":1,"4":1,"5":1,"6":0,"7":0,"8":0,"9":0,"10":0,"11":0,"12":0,"13":0,"14":0,"15":0,"16":0,"17":1,"18":0,"19":0,"20":0,"21":0,"22":0,"23":0,"24":0,"25":0,"26":0,"27":0,"28":0,"29":1,"30":0,"31":0,"32":0,"33":0,"34":0,"35":0,"36":0,"37":0,"38":0,"39":0,"40":0,"41":0,"42":0,"43":0,"44":0,"45":0,"46":0,"47":0,"48":0,"49":0,"50":0,"51":1},"f":{"0":0,"1":0,"2":0},"b":{"0":[0,0],"1":[0,0],"2":[0,0],"3":[0,0],"4":[0,0]},"_coverageSchema":"1a1c01bbd47fc00a2c39e90264f33305004495a9","hash":"2e677a3d403e0b5cc6c23982c4c7d3ac09cf60ca"}
,"E:\\site-gamer-2025\\backend\\routes\\insights.js": {"path":"E:\\site-gamer-2025\\backend\\routes\\insights.js","statementMap":{"0":{"start":{"line":2,"column":16},"end":{"line":2,"column":34}},"1":{"start":{"line":3,"column":15},"end":{"line":3,"column":31}},"2":{"start":{"line":4,"column":13},"end":{"line":4,"column":42}},"3":{"start":{"line":7,"column":0},"end":{"line":37,"column":3}},"4":{"start":{"line":8,"column":2},"end":{"line":36,"column":3}},"5":{"start":{"line":9,"column":16},"end":{"line":9,"column":36}},"6":{"start":{"line":10,"column":30},"end":{"line":13,"column":5}},"7":{"start":{"line":15,"column":4},"end":{"line":17,"column":5}},"8":{"start":{"line":16,"column":6},"end":{"line":16,"column":67}},"9":{"start":{"line":19,"column":18},"end":{"line":19,"column":31}},"10":{"start":{"line":20,"column":21},"end":{"line":23,"column":5}},"11":{"start":{"line":26,"column":4},"end":{"line":30,"column":7}},"12":{"start":{"line":27,"column":6},"end":{"line":29,"column":7}},"13":{"start":{"line":28,"column":8},"end":{"line":28,"column":91}},"14":{"start":{"line":28,"column":65},"end":{"line":28,"column":73}},"15":{"start":{"line":32,"column":4},"end":{"line":32,"column":19}},"16":{"start":{"line":34,"column":4},"end":{"line":34,"column":49}},"17":{"start":{"line":35,"column":4},"end":{"line":35,"column":50}},"18":{"start":{"line":40,"column":0},"end":{"line":68,"column":3}},"19":{"start":{"line":41,"column":2},"end":{"line":67,"column":3}},"20":{"start":{"line":42,"column":77},"end":{"line":42,"column":85}},"21":{"start":{"line":44,"column":30},"end":{"line":47,"column":5}},"22":{"start":{"line":49,"column":4},"end":{"line":51,"column":5}},"23":{"start":{"line":50,"column":6},"end":{"line":50,"column":67}},"24":{"start":{"line":53,"column":18},"end":{"line":53,"column":31}},"25":{"start":{"line":54,"column":20},"end":{"line":54,"column":70}},"26":{"start":{"line":56,"column":19},"end":{"line":60,"column":5}},"27":{"start":{"line":62,"column":4},"end":{"line":62,"column":54}},"28":{"start":{"line":63,"column":4},"end":{"line":63,"column":57}},"29":{"start":{"line":65,"column":4},"end":{"line":65,"column":49}},"30":{"start":{"line":66,"column":4},"end":{"line":66,"column":60}},"31":{"start":{"line":71,"column":0},"end":{"line":91,"column":3}},"32":{"start":{"line":72,"column":2},"end":{"line":90,"column":3}},"33":{"start":{"line":73,"column":19},"end":{"line":73,"column":29}},"34":{"start":{"line":74,"column":66},"end":{"line":74,"column":74}},"35":{"start":{"line":76,"column":20},"end":{"line":76,"column":70}},"36":{"start":{"line":78,"column":4},"end":{"line":83,"column":6}},"37":{"start":{"line":85,"column":4},"end":{"line":85,"column":45}},"38":{"start":{"line":86,"column":4},"end":{"line":86,"column":32}},"39":{"start":{"line":88,"column":4},"end":{"line":88,"column":48}},"40":{"start":{"line":89,"column":4},"end":{"line":89,"column":67}},"41":{"start":{"line":94,"column":0},"end":{"line":105,"column":3}},"42":{"start":{"line":95,"column":2},"end":{"line":104,"column":3}},"43":{"start":{"line":96,"column":19},"end":{"line":96,"column":29}},"44":{"start":{"line":97,"column":4},"end":{"line":97,"column":63}},"45":{"start":{"line":99,"column":4},"end":{"line":99,"column":43}},"46":{"start":{"line":100,"column":4},"end":{"line":100,"column":32}},"47":{"start":{"line":102,"column":4},"end":{"line":102,"column":51}},"48":{"start":{"line":103,"column":4},"end":{"line":103,"column":66}},"49":{"start":{"line":107,"column":0},"end":{"line":107,"column":24}}},"fnMap":{"0":{"name":"(anonymous_0)","decl":{"start":{"line":7,"column":26},"end":{"line":7,"column":27}},"loc":{"start":{"line":7,"column":46},"end":{"line":37,"column":1}},"line":7},"1":{"name":"(anonymous_1)","decl":{"start":{"line":26,"column":17},"end":{"line":26,"column":18}},"loc":{"start":{"line":26,"column":22},"end":{"line":30,"column":5}},"line":26},"2":{"name":"(anonymous_2)","decl":{"start":{"line":28,"column":60},"end":{"line":28,"column":61}},"loc":{"start":{"line":28,"column":65},"end":{"line":28,"column":73}},"line":28},"3":{"name":"(anonymous_3)","decl":{"start":{"line":40,"column":17},"end":{"line":40,"column":18}},"loc":{"start":{"line":40,"column":37},"end":{"line":68,"column":1}},"line":40},"4":{"name":"(anonymous_4)","decl":{"start":{"line":71,"column":19},"end":{"line":71,"column":20}},"loc":{"start":{"line":71,"column":39},"end":{"line":91,"column":1}},"line":71},"5":{"name":"(anonymous_5)","decl":{"start":{"line":94,"column":22},"end":{"line":94,"column":23}},"loc":{"start":{"line":94,"column":42},"end":{"line":105,"column":1}},"line":94}},"branchMap":{"0":{"loc":{"start":{"line":15,"column":4},"end":{"line":17,"column":5}},"type":"if","locations":[{"start":{"line":15,"column":4},"end":{"line":17,"column":5}},{"start":{},"end":{}}],"line":15},"1":{"loc":{"start":{"line":27,"column":6},"end":{"line":29,"column":7}},"type":"if","locations":[{"start":{"line":27,"column":6},"end":{"line":29,"column":7}},{"start":{},"end":{}}],"line":27},"2":{"loc":{"start":{"line":49,"column":4},"end":{"line":51,"column":5}},"type":"if","locations":[{"start":{"line":49,"column":4},"end":{"line":51,"column":5}},{"start":{},"end":{}}],"line":49},"3":{"loc":{"start":{"line":54,"column":20},"end":{"line":54,"column":70}},"type":"cond-expr","locations":[{"start":{"line":54,"column":42},"end":{"line":54,"column":63}},{"start":{"line":54,"column":66},"end":{"line":54,"column":70}}],"line":54},"4":{"loc":{"start":{"line":76,"column":20},"end":{"line":76,"column":70}},"type":"cond-expr","locations":[{"start":{"line":76,"column":42},"end":{"line":76,"column":63}},{"start":{"line":76,"column":66},"end":{"line":76,"column":70}}],"line":76}},"s":{"0":0,"1":0,"2":0,"3":0,"4":0,"5":0,"6":0,"7":0,"8":0,"9":0,"10":0,"11":0,"12":0,"13":0,"14":0,"15":0,"16":0,"17":0,"18":0,"19":0,"20":0,"21":0,"22":0,"23":0,"24":0,"25":0,"26":0,"27":0,"28":0,"29":0,"30":0,"31":0,"32":0,"33":0,"34":0,"35":0,"36":0,"37":0,"38":0,"39":0,"40":0,"41":0,"42":0,"43":0,"44":0,"45":0,"46":0,"47":0,"48":0,"49":0},"f":{"0":0,"1":0,"2":0,"3":0,"4":0,"5":0},"b":{"0":[0,0],"1":[0,0],"2":[0,0],"3":[0,0],"4":[0,0]}}
,"E:\\site-gamer-2025\\backend\\routes\\marche.js": {"path":"E:\\site-gamer-2025\\backend\\routes\\marche.js","statementMap":{"0":{"start":{"line":2,"column":16},"end":{"line":2,"column":34}},"1":{"start":{"line":3,"column":15},"end":{"line":3,"column":31}},"2":{"start":{"line":4,"column":13},"end":{"line":4,"column":42}},"3":{"start":{"line":7,"column":0},"end":{"line":37,"column":3}},"4":{"start":{"line":8,"column":2},"end":{"line":36,"column":3}},"5":{"start":{"line":9,"column":16},"end":{"line":9,"column":36}},"6":{"start":{"line":10,"column":30},"end":{"line":13,"column":5}},"7":{"start":{"line":15,"column":4},"end":{"line":17,"column":5}},"8":{"start":{"line":16,"column":6},"end":{"line":16,"column":67}},"9":{"start":{"line":19,"column":18},"end":{"line":19,"column":31}},"10":{"start":{"line":20,"column":21},"end":{"line":23,"column":5}},"11":{"start":{"line":26,"column":4},"end":{"line":30,"column":7}},"12":{"start":{"line":27,"column":6},"end":{"line":29,"column":7}},"13":{"start":{"line":28,"column":8},"end":{"line":28,"column":91}},"14":{"start":{"line":28,"column":65},"end":{"line":28,"column":73}},"15":{"start":{"line":32,"column":4},"end":{"line":32,"column":19}},"16":{"start":{"line":34,"column":4},"end":{"line":34,"column":47}},"17":{"start":{"line":35,"column":4},"end":{"line":35,"column":50}},"18":{"start":{"line":40,"column":0},"end":{"line":68,"column":3}},"19":{"start":{"line":41,"column":2},"end":{"line":67,"column":3}},"20":{"start":{"line":42,"column":77},"end":{"line":42,"column":85}},"21":{"start":{"line":44,"column":30},"end":{"line":47,"column":5}},"22":{"start":{"line":49,"column":4},"end":{"line":51,"column":5}},"23":{"start":{"line":50,"column":6},"end":{"line":50,"column":67}},"24":{"start":{"line":53,"column":18},"end":{"line":53,"column":31}},"25":{"start":{"line":54,"column":20},"end":{"line":54,"column":70}},"26":{"start":{"line":56,"column":19},"end":{"line":60,"column":5}},"27":{"start":{"line":62,"column":4},"end":{"line":62,"column":53}},"28":{"start":{"line":63,"column":4},"end":{"line":63,"column":56}},"29":{"start":{"line":65,"column":4},"end":{"line":65,"column":48}},"30":{"start":{"line":66,"column":4},"end":{"line":66,"column":59}},"31":{"start":{"line":71,"column":0},"end":{"line":91,"column":3}},"32":{"start":{"line":72,"column":2},"end":{"line":90,"column":3}},"33":{"start":{"line":73,"column":19},"end":{"line":73,"column":29}},"34":{"start":{"line":74,"column":66},"end":{"line":74,"column":74}},"35":{"start":{"line":76,"column":20},"end":{"line":76,"column":70}},"36":{"start":{"line":78,"column":4},"end":{"line":83,"column":6}},"37":{"start":{"line":85,"column":4},"end":{"line":85,"column":44}},"38":{"start":{"line":86,"column":4},"end":{"line":86,"column":32}},"39":{"start":{"line":88,"column":4},"end":{"line":88,"column":47}},"40":{"start":{"line":89,"column":4},"end":{"line":89,"column":66}},"41":{"start":{"line":94,"column":0},"end":{"line":105,"column":3}},"42":{"start":{"line":95,"column":2},"end":{"line":104,"column":3}},"43":{"start":{"line":96,"column":19},"end":{"line":96,"column":29}},"44":{"start":{"line":97,"column":4},"end":{"line":97,"column":61}},"45":{"start":{"line":99,"column":4},"end":{"line":99,"column":42}},"46":{"start":{"line":100,"column":4},"end":{"line":100,"column":32}},"47":{"start":{"line":102,"column":4},"end":{"line":102,"column":50}},"48":{"start":{"line":103,"column":4},"end":{"line":103,"column":65}},"49":{"start":{"line":107,"column":0},"end":{"line":107,"column":24}}},"fnMap":{"0":{"name":"(anonymous_0)","decl":{"start":{"line":7,"column":26},"end":{"line":7,"column":27}},"loc":{"start":{"line":7,"column":46},"end":{"line":37,"column":1}},"line":7},"1":{"name":"(anonymous_1)","decl":{"start":{"line":26,"column":17},"end":{"line":26,"column":18}},"loc":{"start":{"line":26,"column":22},"end":{"line":30,"column":5}},"line":26},"2":{"name":"(anonymous_2)","decl":{"start":{"line":28,"column":60},"end":{"line":28,"column":61}},"loc":{"start":{"line":28,"column":65},"end":{"line":28,"column":73}},"line":28},"3":{"name":"(anonymous_3)","decl":{"start":{"line":40,"column":17},"end":{"line":40,"column":18}},"loc":{"start":{"line":40,"column":37},"end":{"line":68,"column":1}},"line":40},"4":{"name":"(anonymous_4)","decl":{"start":{"line":71,"column":19},"end":{"line":71,"column":20}},"loc":{"start":{"line":71,"column":39},"end":{"line":91,"column":1}},"line":71},"5":{"name":"(anonymous_5)","decl":{"start":{"line":94,"column":22},"end":{"line":94,"column":23}},"loc":{"start":{"line":94,"column":42},"end":{"line":105,"column":1}},"line":94}},"branchMap":{"0":{"loc":{"start":{"line":15,"column":4},"end":{"line":17,"column":5}},"type":"if","locations":[{"start":{"line":15,"column":4},"end":{"line":17,"column":5}},{"start":{},"end":{}}],"line":15},"1":{"loc":{"start":{"line":27,"column":6},"end":{"line":29,"column":7}},"type":"if","locations":[{"start":{"line":27,"column":6},"end":{"line":29,"column":7}},{"start":{},"end":{}}],"line":27},"2":{"loc":{"start":{"line":49,"column":4},"end":{"line":51,"column":5}},"type":"if","locations":[{"start":{"line":49,"column":4},"end":{"line":51,"column":5}},{"start":{},"end":{}}],"line":49},"3":{"loc":{"start":{"line":54,"column":20},"end":{"line":54,"column":70}},"type":"cond-expr","locations":[{"start":{"line":54,"column":42},"end":{"line":54,"column":63}},{"start":{"line":54,"column":66},"end":{"line":54,"column":70}}],"line":54},"4":{"loc":{"start":{"line":76,"column":20},"end":{"line":76,"column":70}},"type":"cond-expr","locations":[{"start":{"line":76,"column":42},"end":{"line":76,"column":63}},{"start":{"line":76,"column":66},"end":{"line":76,"column":70}}],"line":76}},"s":{"0":0,"1":0,"2":0,"3":0,"4":0,"5":0,"6":0,"7":0,"8":0,"9":0,"10":0,"11":0,"12":0,"13":0,"14":0,"15":0,"16":0,"17":0,"18":0,"19":0,"20":0,"21":0,"22":0,"23":0,"24":0,"25":0,"26":0,"27":0,"28":0,"29":0,"30":0,"31":0,"32":0,"33":0,"34":0,"35":0,"36":0,"37":0,"38":0,"39":0,"40":0,"41":0,"42":0,"43":0,"44":0,"45":0,"46":0,"47":0,"48":0,"49":0},"f":{"0":0,"1":0,"2":0,"3":0,"4":0,"5":0},"b":{"0":[0,0],"1":[0,0],"2":[0,0],"3":[0,0],"4":[0,0]}}
,"E:\\site-gamer-2025\\backend\\routes\\predictions.js": {"path":"E:\\site-gamer-2025\\backend\\routes\\predictions.js","statementMap":{"0":{"start":{"line":2,"column":16},"end":{"line":2,"column":34}},"1":{"start":{"line":3,"column":15},"end":{"line":3,"column":31}},"2":{"start":{"line":4,"column":13},"end":{"line":4,"column":42}},"3":{"start":{"line":7,"column":0},"end":{"line":30,"column":3}},"4":{"start":{"line":8,"column":2},"end":{"line":29,"column":3}},"5":{"start":{"line":9,"column":16},"end":{"line":9,"column":36}},"6":{"start":{"line":10,"column":30},"end":{"line":13,"column":5}},"7":{"start":{"line":15,"column":4},"end":{"line":17,"column":5}},"8":{"start":{"line":16,"column":6},"end":{"line":16,"column":67}},"9":{"start":{"line":19,"column":18},"end":{"line":19,"column":31}},"10":{"start":{"line":20,"column":21},"end":{"line":23,"column":5}},"11":{"start":{"line":25,"column":4},"end":{"line":25,"column":19}},"12":{"start":{"line":27,"column":4},"end":{"line":27,"column":52}},"13":{"start":{"line":28,"column":4},"end":{"line":28,"column":50}},"14":{"start":{"line":33,"column":0},"end":{"line":62,"column":3}},"15":{"start":{"line":34,"column":2},"end":{"line":61,"column":3}},"16":{"start":{"line":35,"column":73},"end":{"line":35,"column":81}},"17":{"start":{"line":37,"column":30},"end":{"line":40,"column":5}},"18":{"start":{"line":42,"column":4},"end":{"line":44,"column":5}},"19":{"start":{"line":43,"column":6},"end":{"line":43,"column":67}},"20":{"start":{"line":46,"column":18},"end":{"line":46,"column":31}},"21":{"start":{"line":47,"column":21},"end":{"line":47,"column":85}},"22":{"start":{"line":48,"column":20},"end":{"line":48,"column":102}},"23":{"start":{"line":50,"column":19},"end":{"line":54,"column":5}},"24":{"start":{"line":56,"column":4},"end":{"line":56,"column":58}},"25":{"start":{"line":57,"column":4},"end":{"line":57,"column":60}},"26":{"start":{"line":59,"column":4},"end":{"line":59,"column":52}},"27":{"start":{"line":60,"column":4},"end":{"line":60,"column":63}},"28":{"start":{"line":65,"column":0},"end":{"line":86,"column":3}},"29":{"start":{"line":66,"column":2},"end":{"line":85,"column":3}},"30":{"start":{"line":67,"column":19},"end":{"line":67,"column":29}},"31":{"start":{"line":68,"column":62},"end":{"line":68,"column":70}},"32":{"start":{"line":70,"column":21},"end":{"line":70,"column":85}},"33":{"start":{"line":71,"column":20},"end":{"line":71,"column":102}},"34":{"start":{"line":73,"column":4},"end":{"line":78,"column":6}},"35":{"start":{"line":80,"column":4},"end":{"line":80,"column":49}},"36":{"start":{"line":81,"column":4},"end":{"line":81,"column":32}},"37":{"start":{"line":83,"column":4},"end":{"line":83,"column":51}},"38":{"start":{"line":84,"column":4},"end":{"line":84,"column":70}},"39":{"start":{"line":89,"column":0},"end":{"line":100,"column":3}},"40":{"start":{"line":90,"column":2},"end":{"line":99,"column":3}},"41":{"start":{"line":91,"column":19},"end":{"line":91,"column":29}},"42":{"start":{"line":92,"column":4},"end":{"line":92,"column":66}},"43":{"start":{"line":94,"column":4},"end":{"line":94,"column":47}},"44":{"start":{"line":95,"column":4},"end":{"line":95,"column":32}},"45":{"start":{"line":97,"column":4},"end":{"line":97,"column":54}},"46":{"start":{"line":98,"column":4},"end":{"line":98,"column":69}},"47":{"start":{"line":102,"column":0},"end":{"line":102,"column":24}}},"fnMap":{"0":{"name":"(anonymous_0)","decl":{"start":{"line":7,"column":26},"end":{"line":7,"column":27}},"loc":{"start":{"line":7,"column":46},"end":{"line":30,"column":1}},"line":7},"1":{"name":"(anonymous_1)","decl":{"start":{"line":33,"column":17},"end":{"line":33,"column":18}},"loc":{"start":{"line":33,"column":37},"end":{"line":62,"column":1}},"line":33},"2":{"name":"(anonymous_2)","decl":{"start":{"line":65,"column":19},"end":{"line":65,"column":20}},"loc":{"start":{"line":65,"column":39},"end":{"line":86,"column":1}},"line":65},"3":{"name":"(anonymous_3)","decl":{"start":{"line":89,"column":22},"end":{"line":89,"column":23}},"loc":{"start":{"line":89,"column":42},"end":{"line":100,"column":1}},"line":89}},"branchMap":{"0":{"loc":{"start":{"line":15,"column":4},"end":{"line":17,"column":5}},"type":"if","locations":[{"start":{"line":15,"column":4},"end":{"line":17,"column":5}},{"start":{},"end":{}}],"line":15},"1":{"loc":{"start":{"line":42,"column":4},"end":{"line":44,"column":5}},"type":"if","locations":[{"start":{"line":42,"column":4},"end":{"line":44,"column":5}},{"start":{},"end":{}}],"line":42},"2":{"loc":{"start":{"line":47,"column":21},"end":{"line":47,"column":85}},"type":"cond-expr","locations":[{"start":{"line":47,"column":59},"end":{"line":47,"column":63}},{"start":{"line":47,"column":66},"end":{"line":47,"column":85}}],"line":47},"3":{"loc":{"start":{"line":47,"column":21},"end":{"line":47,"column":56}},"type":"binary-expr","locations":[{"start":{"line":47,"column":21},"end":{"line":47,"column":33}},{"start":{"line":47,"column":37},"end":{"line":47,"column":56}}],"line":47},"4":{"loc":{"start":{"line":48,"column":20},"end":{"line":48,"column":102}},"type":"cond-expr","locations":[{"start":{"line":48,"column":70},"end":{"line":48,"column":74}},{"start":{"line":48,"column":77},"end":{"line":48,"column":102}}],"line":48},"5":{"loc":{"start":{"line":48,"column":20},"end":{"line":48,"column":67}},"type":"binary-expr","locations":[{"start":{"line":48,"column":20},"end":{"line":48,"column":38}},{"start":{"line":48,"column":42},"end":{"line":48,"column":67}}],"line":48},"6":{"loc":{"start":{"line":53,"column":24},"end":{"line":53,"column":43}},"type":"binary-expr","locations":[{"start":{"line":53,"column":24},"end":{"line":53,"column":35}},{"start":{"line":53,"column":39},"end":{"line":53,"column":43}}],"line":53},"7":{"loc":{"start":{"line":53,"column":45},"end":{"line":53,"column":58}},"type":"binary-expr","locations":[{"start":{"line":53,"column":45},"end":{"line":53,"column":50}},{"start":{"line":53,"column":54},"end":{"line":53,"column":58}}],"line":53},"8":{"loc":{"start":{"line":70,"column":21},"end":{"line":70,"column":85}},"type":"cond-expr","locations":[{"start":{"line":70,"column":59},"end":{"line":70,"column":63}},{"start":{"line":70,"column":66},"end":{"line":70,"column":85}}],"line":70},"9":{"loc":{"start":{"line":70,"column":21},"end":{"line":70,"column":56}},"type":"binary-expr","locations":[{"start":{"line":70,"column":21},"end":{"line":70,"column":33}},{"start":{"line":70,"column":37},"end":{"line":70,"column":56}}],"line":70},"10":{"loc":{"start":{"line":71,"column":20},"end":{"line":71,"column":102}},"type":"cond-expr","locations":[{"start":{"line":71,"column":70},"end":{"line":71,"column":74}},{"start":{"line":71,"column":77},"end":{"line":71,"column":102}}],"line":71},"11":{"loc":{"start":{"line":71,"column":20},"end":{"line":71,"column":67}},"type":"binary-expr","locations":[{"start":{"line":71,"column":20},"end":{"line":71,"column":38}},{"start":{"line":71,"column":42},"end":{"line":71,"column":67}}],"line":71},"12":{"loc":{"start":{"line":77,"column":24},"end":{"line":77,"column":43}},"type":"binary-expr","locations":[{"start":{"line":77,"column":24},"end":{"line":77,"column":35}},{"start":{"line":77,"column":39},"end":{"line":77,"column":43}}],"line":77},"13":{"loc":{"start":{"line":77,"column":45},"end":{"line":77,"column":58}},"type":"binary-expr","locations":[{"start":{"line":77,"column":45},"end":{"line":77,"column":50}},{"start":{"line":77,"column":54},"end":{"line":77,"column":58}}],"line":77}},"s":{"0":0,"1":0,"2":0,"3":0,"4":0,"5":0,"6":0,"7":0,"8":0,"9":0,"10":0,"11":0,"12":0,"13":0,"14":0,"15":0,"16":0,"17":0,"18":0,"19":0,"20":0,"21":0,"22":0,"23":0,"24":0,"25":0,"26":0,"27":0,"28":0,"29":0,"30":0,"31":0,"32":0,"33":0,"34":0,"35":0,"36":0,"37":0,"38":0,"39":0,"40":0,"41":0,"42":0,"43":0,"44":0,"45":0,"46":0,"47":0},"f":{"0":0,"1":0,"2":0,"3":0},"b":{"0":[0,0],"1":[0,0],"2":[0,0],"3":[0,0],"4":[0,0],"5":[0,0],"6":[0,0],"7":[0,0],"8":[0,0],"9":[0,0],"10":[0,0],"11":[0,0],"12":[0,0],"13":[0,0]}}
,"E:\\site-gamer-2025\\backend\\routes\\produits.js": {"path":"E:\\site-gamer-2025\\backend\\routes\\produits.js","statementMap":{"0":{"start":{"line":1,"column":16},"end":{"line":1,"column":34}},"1":{"start":{"line":2,"column":15},"end":{"line":2,"column":31}},"2":{"start":{"line":3,"column":13},"end":{"line":3,"column":42}},"3":{"start":{"line":4,"column":13},"end":{"line":4,"column":28}},"4":{"start":{"line":5,"column":11},"end":{"line":5,"column":24}},"5":{"start":{"line":9,"column":2},"end":{"line":12,"column":50}},"6":{"start":{"line":12,"column":30},"end":{"line":12,"column":48}},"7":{"start":{"line":16,"column":0},"end":{"line":60,"column":3}},"8":{"start":{"line":17,"column":2},"end":{"line":59,"column":3}},"9":{"start":{"line":18,"column":26},"end":{"line":18,"column":35}},"10":{"start":{"line":19,"column":16},"end":{"line":24,"column":5}},"11":{"start":{"line":25,"column":19},"end":{"line":25,"column":21}},"12":{"start":{"line":27,"column":4},"end":{"line":30,"column":5}},"13":{"start":{"line":28,"column":6},"end":{"line":28,"column":39}},"14":{"start":{"line":29,"column":6},"end":{"line":29,"column":29}},"15":{"start":{"line":32,"column":4},"end":{"line":32,"column":40}},"16":{"start":{"line":34,"column":19},"end":{"line":34,"column":50}},"17":{"start":{"line":35,"column":4},"end":{"line":35,"column":63}},"18":{"start":{"line":38,"column":31},"end":{"line":45,"column":6}},"19":{"start":{"line":39,"column":6},"end":{"line":43,"column":7}},"20":{"start":{"line":40,"column":8},"end":{"line":40,"column":62}},"21":{"start":{"line":42,"column":8},"end":{"line":42,"column":61}},"22":{"start":{"line":44,"column":6},"end":{"line":44,"column":21}},"23":{"start":{"line":47,"column":4},"end":{"line":51,"column":7}},"24":{"start":{"line":54,"column":4},"end":{"line":54,"column":51}},"25":{"start":{"line":55,"column":4},"end":{"line":58,"column":7}},"26":{"start":{"line":63,"column":0},"end":{"line":103,"column":3}},"27":{"start":{"line":64,"column":2},"end":{"line":102,"column":3}},"28":{"start":{"line":65,"column":19},"end":{"line":65,"column":29}},"29":{"start":{"line":66,"column":19},"end":{"line":72,"column":12}},"30":{"start":{"line":74,"column":4},"end":{"line":79,"column":5}},"31":{"start":{"line":75,"column":6},"end":{"line":78,"column":9}},"32":{"start":{"line":81,"column":20},"end":{"line":81,"column":34}},"33":{"start":{"line":84,"column":4},"end":{"line":89,"column":5}},"34":{"start":{"line":85,"column":25},"end":{"line":85,"column":71}},"35":{"start":{"line":86,"column":6},"end":{"line":86,"column":57}},"36":{"start":{"line":88,"column":6},"end":{"line":88,"column":59}},"37":{"start":{"line":91,"column":4},"end":{"line":94,"column":7}},"38":{"start":{"line":97,"column":4},"end":{"line":97,"column":50}},"39":{"start":{"line":98,"column":4},"end":{"line":101,"column":7}},"40":{"start":{"line":106,"column":0},"end":{"line":170,"column":3}},"41":{"start":{"line":107,"column":2},"end":{"line":169,"column":3}},"42":{"start":{"line":112,"column":8},"end":{"line":112,"column":16}},"43":{"start":{"line":114,"column":4},"end":{"line":119,"column":5}},"44":{"start":{"line":115,"column":6},"end":{"line":118,"column":9}},"45":{"start":{"line":122,"column":24},"end":{"line":129,"column":6}},"46":{"start":{"line":131,"column":19},"end":{"line":131,"column":56}},"47":{"start":{"line":133,"column":30},"end":{"line":135,"column":33}},"48":{"start":{"line":137,"column":19},"end":{"line":145,"column":5}},"49":{"start":{"line":147,"column":18},"end":{"line":152,"column":5}},"50":{"start":{"line":154,"column":19},"end":{"line":154,"column":50}},"51":{"start":{"line":155,"column":4},"end":{"line":155,"column":32}},"52":{"start":{"line":157,"column":4},"end":{"line":161,"column":7}},"53":{"start":{"line":164,"column":4},"end":{"line":164,"column":51}},"54":{"start":{"line":165,"column":4},"end":{"line":168,"column":7}},"55":{"start":{"line":173,"column":0},"end":{"line":226,"column":3}},"56":{"start":{"line":174,"column":2},"end":{"line":225,"column":3}},"57":{"start":{"line":175,"column":19},"end":{"line":175,"column":29}},"58":{"start":{"line":180,"column":8},"end":{"line":180,"column":16}},"59":{"start":{"line":182,"column":18},"end":{"line":196,"column":5}},"60":{"start":{"line":198,"column":19},"end":{"line":210,"column":5}},"61":{"start":{"line":212,"column":19},"end":{"line":212,"column":50}},"62":{"start":{"line":213,"column":4},"end":{"line":217,"column":7}},"63":{"start":{"line":220,"column":4},"end":{"line":220,"column":50}},"64":{"start":{"line":221,"column":4},"end":{"line":224,"column":7}},"65":{"start":{"line":229,"column":0},"end":{"line":255,"column":3}},"66":{"start":{"line":230,"column":2},"end":{"line":254,"column":3}},"67":{"start":{"line":231,"column":19},"end":{"line":231,"column":29}},"68":{"start":{"line":232,"column":19},"end":{"line":235,"column":5}},"69":{"start":{"line":237,"column":4},"end":{"line":242,"column":5}},"70":{"start":{"line":238,"column":6},"end":{"line":241,"column":9}},"71":{"start":{"line":243,"column":4},"end":{"line":246,"column":7}},"72":{"start":{"line":249,"column":4},"end":{"line":249,"column":53}},"73":{"start":{"line":250,"column":4},"end":{"line":253,"column":7}},"74":{"start":{"line":257,"column":0},"end":{"line":257,"column":24}}},"fnMap":{"0":{"name":"slugToTitreAffiche","decl":{"start":{"line":8,"column":9},"end":{"line":8,"column":27}},"loc":{"start":{"line":8,"column":34},"end":{"line":13,"column":1}},"line":8},"1":{"name":"(anonymous_1)","decl":{"start":{"line":12,"column":22},"end":{"line":12,"column":23}},"loc":{"start":{"line":12,"column":30},"end":{"line":12,"column":48}},"line":12},"2":{"name":"(anonymous_2)","decl":{"start":{"line":16,"column":16},"end":{"line":16,"column":17}},"loc":{"start":{"line":16,"column":36},"end":{"line":60,"column":1}},"line":16},"3":{"name":"(anonymous_3)","decl":{"start":{"line":38,"column":47},"end":{"line":38,"column":48}},"loc":{"start":{"line":38,"column":58},"end":{"line":45,"column":5}},"line":38},"4":{"name":"(anonymous_4)","decl":{"start":{"line":63,"column":19},"end":{"line":63,"column":20}},"loc":{"start":{"line":63,"column":39},"end":{"line":103,"column":1}},"line":63},"5":{"name":"(anonymous_5)","decl":{"start":{"line":106,"column":17},"end":{"line":106,"column":18}},"loc":{"start":{"line":106,"column":37},"end":{"line":170,"column":1}},"line":106},"6":{"name":"(anonymous_6)","decl":{"start":{"line":173,"column":19},"end":{"line":173,"column":20}},"loc":{"start":{"line":173,"column":39},"end":{"line":226,"column":1}},"line":173},"7":{"name":"(anonymous_7)","decl":{"start":{"line":229,"column":22},"end":{"line":229,"column":23}},"loc":{"start":{"line":229,"column":42},"end":{"line":255,"column":1}},"line":229}},"branchMap":{"0":{"loc":{"start":{"line":27,"column":4},"end":{"line":30,"column":5}},"type":"if","locations":[{"start":{"line":27,"column":4},"end":{"line":30,"column":5}},{"start":{},"end":{}}],"line":27},"1":{"loc":{"start":{"line":39,"column":6},"end":{"line":43,"column":7}},"type":"if","locations":[{"start":{"line":39,"column":6},"end":{"line":43,"column":7}},{"start":{"line":41,"column":13},"end":{"line":43,"column":7}}],"line":39},"2":{"loc":{"start":{"line":74,"column":4},"end":{"line":79,"column":5}},"type":"if","locations":[{"start":{"line":74,"column":4},"end":{"line":79,"column":5}},{"start":{},"end":{}}],"line":74},"3":{"loc":{"start":{"line":84,"column":4},"end":{"line":89,"column":5}},"type":"if","locations":[{"start":{"line":84,"column":4},"end":{"line":89,"column":5}},{"start":{"line":87,"column":11},"end":{"line":89,"column":5}}],"line":84},"4":{"loc":{"start":{"line":114,"column":4},"end":{"line":119,"column":5}},"type":"if","locations":[{"start":{"line":114,"column":4},"end":{"line":119,"column":5}},{"start":{},"end":{}}],"line":114},"5":{"loc":{"start":{"line":133,"column":30},"end":{"line":135,"column":33}},"type":"cond-expr","locations":[{"start":{"line":134,"column":10},"end":{"line":134,"column":23}},{"start":{"line":135,"column":10},"end":{"line":135,"column":33}}],"line":133},"6":{"loc":{"start":{"line":133,"column":30},"end":{"line":133,"column":74}},"type":"binary-expr","locations":[{"start":{"line":133,"column":30},"end":{"line":133,"column":43}},{"start":{"line":133,"column":47},"end":{"line":133,"column":74}}],"line":133},"7":{"loc":{"start":{"line":139,"column":11},"end":{"line":139,"column":28}},"type":"binary-expr","locations":[{"start":{"line":139,"column":11},"end":{"line":139,"column":20}},{"start":{"line":139,"column":24},"end":{"line":139,"column":28}}],"line":139},"8":{"loc":{"start":{"line":139,"column":30},"end":{"line":139,"column":49}},"type":"binary-expr","locations":[{"start":{"line":139,"column":30},"end":{"line":139,"column":41}},{"start":{"line":139,"column":45},"end":{"line":139,"column":49}}],"line":139},"9":{"loc":{"start":{"line":140,"column":6},"end":{"line":140,"column":19}},"type":"binary-expr","locations":[{"start":{"line":140,"column":6},"end":{"line":140,"column":11}},{"start":{"line":140,"column":15},"end":{"line":140,"column":19}}],"line":140},"10":{"loc":{"start":{"line":141,"column":6},"end":{"line":141,"column":18}},"type":"binary-expr","locations":[{"start":{"line":141,"column":6},"end":{"line":141,"column":10}},{"start":{"line":141,"column":14},"end":{"line":141,"column":18}}],"line":141},"11":{"loc":{"start":{"line":142,"column":6},"end":{"line":142,"column":26}},"type":"binary-expr","locations":[{"start":{"line":142,"column":6},"end":{"line":142,"column":17}},{"start":{"line":142,"column":21},"end":{"line":142,"column":26}}],"line":142},"12":{"loc":{"start":{"line":142,"column":28},"end":{"line":142,"column":40}},"type":"binary-expr","locations":[{"start":{"line":142,"column":28},"end":{"line":142,"column":32}},{"start":{"line":142,"column":36},"end":{"line":142,"column":40}}],"line":142},"13":{"loc":{"start":{"line":143,"column":6},"end":{"line":143,"column":36}},"type":"binary-expr","locations":[{"start":{"line":143,"column":6},"end":{"line":143,"column":30}},{"start":{"line":143,"column":34},"end":{"line":143,"column":36}}],"line":143},"14":{"loc":{"start":{"line":143,"column":38},"end":{"line":143,"column":57}},"type":"binary-expr","locations":[{"start":{"line":143,"column":38},"end":{"line":143,"column":51}},{"start":{"line":143,"column":55},"end":{"line":143,"column":57}}],"line":143},"15":{"loc":{"start":{"line":200,"column":6},"end":{"line":200,"column":23}},"type":"binary-expr","locations":[{"start":{"line":200,"column":6},"end":{"line":200,"column":15}},{"start":{"line":200,"column":19},"end":{"line":200,"column":23}}],"line":200},"16":{"loc":{"start":{"line":201,"column":6},"end":{"line":201,"column":25}},"type":"binary-expr","locations":[{"start":{"line":201,"column":6},"end":{"line":201,"column":17}},{"start":{"line":201,"column":21},"end":{"line":201,"column":25}}],"line":201},"17":{"loc":{"start":{"line":202,"column":6},"end":{"line":202,"column":19}},"type":"binary-expr","locations":[{"start":{"line":202,"column":6},"end":{"line":202,"column":11}},{"start":{"line":202,"column":15},"end":{"line":202,"column":19}}],"line":202},"18":{"loc":{"start":{"line":203,"column":6},"end":{"line":203,"column":18}},"type":"binary-expr","locations":[{"start":{"line":203,"column":6},"end":{"line":203,"column":10}},{"start":{"line":203,"column":14},"end":{"line":203,"column":18}}],"line":203},"19":{"loc":{"start":{"line":204,"column":6},"end":{"line":204,"column":26}},"type":"binary-expr","locations":[{"start":{"line":204,"column":6},"end":{"line":204,"column":17}},{"start":{"line":204,"column":21},"end":{"line":204,"column":26}}],"line":204},"20":{"loc":{"start":{"line":205,"column":6},"end":{"line":205,"column":18}},"type":"binary-expr","locations":[{"start":{"line":205,"column":6},"end":{"line":205,"column":10}},{"start":{"line":205,"column":14},"end":{"line":205,"column":18}}],"line":205},"21":{"loc":{"start":{"line":206,"column":6},"end":{"line":206,"column":36}},"type":"binary-expr","locations":[{"start":{"line":206,"column":6},"end":{"line":206,"column":30}},{"start":{"line":206,"column":34},"end":{"line":206,"column":36}}],"line":206},"22":{"loc":{"start":{"line":207,"column":6},"end":{"line":207,"column":25}},"type":"binary-expr","locations":[{"start":{"line":207,"column":6},"end":{"line":207,"column":19}},{"start":{"line":207,"column":23},"end":{"line":207,"column":25}}],"line":207},"23":{"loc":{"start":{"line":208,"column":6},"end":{"line":208,"column":27}},"type":"binary-expr","locations":[{"start":{"line":208,"column":6},"end":{"line":208,"column":19}},{"start":{"line":208,"column":23},"end":{"line":208,"column":27}}],"line":208},"24":{"loc":{"start":{"line":237,"column":4},"end":{"line":242,"column":5}},"type":"if","locations":[{"start":{"line":237,"column":4},"end":{"line":242,"column":5}},{"start":{},"end":{}}],"line":237}},"s":{"0":1,"1":1,"2":1,"3":1,"4":1,"5":0,"6":0,"7":1,"8":2,"9":2,"10":2,"11":2,"12":2,"13":1,"14":1,"15":2,"16":2,"17":2,"18":2,"19":61,"20":61,"21":0,"22":61,"23":2,"24":0,"25":0,"26":1,"27":2,"28":2,"29":2,"30":2,"31":1,"32":1,"33":1,"34":1,"35":1,"36":0,"37":1,"38":0,"39":0,"40":1,"41":0,"42":0,"43":0,"44":0,"45":0,"46":0,"47":0,"48":0,"49":0,"50":0,"51":0,"52":0,"53":0,"54":0,"55":1,"56":0,"57":0,"58":0,"59":0,"60":0,"61":0,"62":0,"63":0,"64":0,"65":1,"66":0,"67":0,"68":0,"69":0,"70":0,"71":0,"72":0,"73":0,"74":1},"f":{"0":0,"1":0,"2":2,"3":61,"4":2,"5":0,"6":0,"7":0},"b":{"0":[1,1],"1":[61,0],"2":[1,1],"3":[1,0],"4":[0,0],"5":[0,0],"6":[0,0],"7":[0,0],"8":[0,0],"9":[0,0],"10":[0,0],"11":[0,0],"12":[0,0],"13":[0,0],"14":[0,0],"15":[0,0],"16":[0,0],"17":[0,0],"18":[0,0],"19":[0,0],"20":[0,0],"21":[0,0],"22":[0,0],"23":[0,0],"24":[0,0]},"_coverageSchema":"1a1c01bbd47fc00a2c39e90264f33305004495a9","hash":"0a29346f2b7ad6f497c576962dc73d9ca804d08c"}
,"E:\\site-gamer-2025\\backend\\routes\\technologies.js": {"path":"E:\\site-gamer-2025\\backend\\routes\\technologies.js","statementMap":{"0":{"start":{"line":2,"column":16},"end":{"line":2,"column":34}},"1":{"start":{"line":3,"column":15},"end":{"line":3,"column":31}},"2":{"start":{"line":4,"column":13},"end":{"line":4,"column":42}},"3":{"start":{"line":7,"column":0},"end":{"line":37,"column":3}},"4":{"start":{"line":8,"column":2},"end":{"line":36,"column":3}},"5":{"start":{"line":9,"column":16},"end":{"line":9,"column":36}},"6":{"start":{"line":10,"column":30},"end":{"line":13,"column":5}},"7":{"start":{"line":15,"column":4},"end":{"line":17,"column":5}},"8":{"start":{"line":16,"column":6},"end":{"line":16,"column":67}},"9":{"start":{"line":19,"column":18},"end":{"line":19,"column":31}},"10":{"start":{"line":20,"column":21},"end":{"line":23,"column":5}},"11":{"start":{"line":26,"column":4},"end":{"line":30,"column":7}},"12":{"start":{"line":27,"column":6},"end":{"line":29,"column":7}},"13":{"start":{"line":28,"column":8},"end":{"line":28,"column":91}},"14":{"start":{"line":28,"column":65},"end":{"line":28,"column":73}},"15":{"start":{"line":32,"column":4},"end":{"line":32,"column":19}},"16":{"start":{"line":34,"column":4},"end":{"line":34,"column":53}},"17":{"start":{"line":35,"column":4},"end":{"line":35,"column":50}},"18":{"start":{"line":40,"column":0},"end":{"line":68,"column":3}},"19":{"start":{"line":41,"column":2},"end":{"line":67,"column":3}},"20":{"start":{"line":42,"column":77},"end":{"line":42,"column":85}},"21":{"start":{"line":44,"column":30},"end":{"line":47,"column":5}},"22":{"start":{"line":49,"column":4},"end":{"line":51,"column":5}},"23":{"start":{"line":50,"column":6},"end":{"line":50,"column":67}},"24":{"start":{"line":53,"column":18},"end":{"line":53,"column":31}},"25":{"start":{"line":54,"column":20},"end":{"line":54,"column":70}},"26":{"start":{"line":56,"column":19},"end":{"line":60,"column":5}},"27":{"start":{"line":62,"column":4},"end":{"line":62,"column":59}},"28":{"start":{"line":63,"column":4},"end":{"line":63,"column":61}},"29":{"start":{"line":65,"column":4},"end":{"line":65,"column":53}},"30":{"start":{"line":66,"column":4},"end":{"line":66,"column":64}},"31":{"start":{"line":71,"column":0},"end":{"line":91,"column":3}},"32":{"start":{"line":72,"column":2},"end":{"line":90,"column":3}},"33":{"start":{"line":73,"column":19},"end":{"line":73,"column":29}},"34":{"start":{"line":74,"column":66},"end":{"line":74,"column":74}},"35":{"start":{"line":76,"column":20},"end":{"line":76,"column":70}},"36":{"start":{"line":78,"column":4},"end":{"line":83,"column":6}},"37":{"start":{"line":85,"column":4},"end":{"line":85,"column":50}},"38":{"start":{"line":86,"column":4},"end":{"line":86,"column":32}},"39":{"start":{"line":88,"column":4},"end":{"line":88,"column":52}},"40":{"start":{"line":89,"column":4},"end":{"line":89,"column":71}},"41":{"start":{"line":94,"column":0},"end":{"line":105,"column":3}},"42":{"start":{"line":95,"column":2},"end":{"line":104,"column":3}},"43":{"start":{"line":96,"column":19},"end":{"line":96,"column":29}},"44":{"start":{"line":97,"column":4},"end":{"line":97,"column":67}},"45":{"start":{"line":99,"column":4},"end":{"line":99,"column":48}},"46":{"start":{"line":100,"column":4},"end":{"line":100,"column":32}},"47":{"start":{"line":102,"column":4},"end":{"line":102,"column":55}},"48":{"start":{"line":103,"column":4},"end":{"line":103,"column":70}},"49":{"start":{"line":107,"column":0},"end":{"line":107,"column":24}}},"fnMap":{"0":{"name":"(anonymous_0)","decl":{"start":{"line":7,"column":26},"end":{"line":7,"column":27}},"loc":{"start":{"line":7,"column":46},"end":{"line":37,"column":1}},"line":7},"1":{"name":"(anonymous_1)","decl":{"start":{"line":26,"column":17},"end":{"line":26,"column":18}},"loc":{"start":{"line":26,"column":22},"end":{"line":30,"column":5}},"line":26},"2":{"name":"(anonymous_2)","decl":{"start":{"line":28,"column":60},"end":{"line":28,"column":61}},"loc":{"start":{"line":28,"column":65},"end":{"line":28,"column":73}},"line":28},"3":{"name":"(anonymous_3)","decl":{"start":{"line":40,"column":17},"end":{"line":40,"column":18}},"loc":{"start":{"line":40,"column":37},"end":{"line":68,"column":1}},"line":40},"4":{"name":"(anonymous_4)","decl":{"start":{"line":71,"column":19},"end":{"line":71,"column":20}},"loc":{"start":{"line":71,"column":39},"end":{"line":91,"column":1}},"line":71},"5":{"name":"(anonymous_5)","decl":{"start":{"line":94,"column":22},"end":{"line":94,"column":23}},"loc":{"start":{"line":94,"column":42},"end":{"line":105,"column":1}},"line":94}},"branchMap":{"0":{"loc":{"start":{"line":15,"column":4},"end":{"line":17,"column":5}},"type":"if","locations":[{"start":{"line":15,"column":4},"end":{"line":17,"column":5}},{"start":{},"end":{}}],"line":15},"1":{"loc":{"start":{"line":27,"column":6},"end":{"line":29,"column":7}},"type":"if","locations":[{"start":{"line":27,"column":6},"end":{"line":29,"column":7}},{"start":{},"end":{}}],"line":27},"2":{"loc":{"start":{"line":49,"column":4},"end":{"line":51,"column":5}},"type":"if","locations":[{"start":{"line":49,"column":4},"end":{"line":51,"column":5}},{"start":{},"end":{}}],"line":49},"3":{"loc":{"start":{"line":54,"column":20},"end":{"line":54,"column":70}},"type":"cond-expr","locations":[{"start":{"line":54,"column":42},"end":{"line":54,"column":63}},{"start":{"line":54,"column":66},"end":{"line":54,"column":70}}],"line":54},"4":{"loc":{"start":{"line":76,"column":20},"end":{"line":76,"column":70}},"type":"cond-expr","locations":[{"start":{"line":76,"column":42},"end":{"line":76,"column":63}},{"start":{"line":76,"column":66},"end":{"line":76,"column":70}}],"line":76}},"s":{"0":0,"1":0,"2":0,"3":0,"4":0,"5":0,"6":0,"7":0,"8":0,"9":0,"10":0,"11":0,"12":0,"13":0,"14":0,"15":0,"16":0,"17":0,"18":0,"19":0,"20":0,"21":0,"22":0,"23":0,"24":0,"25":0,"26":0,"27":0,"28":0,"29":0,"30":0,"31":0,"32":0,"33":0,"34":0,"35":0,"36":0,"37":0,"38":0,"39":0,"40":0,"41":0,"42":0,"43":0,"44":0,"45":0,"46":0,"47":0,"48":0,"49":0},"f":{"0":0,"1":0,"2":0,"3":0,"4":0,"5":0},"b":{"0":[0,0],"1":[0,0],"2":[0,0],"3":[0,0],"4":[0,0]}}
,"E:\\site-gamer-2025\\backend\\routes\\tendances.js": {"path":"E:\\site-gamer-2025\\backend\\routes\\tendances.js","statementMap":{"0":{"start":{"line":2,"column":16},"end":{"line":2,"column":34}},"1":{"start":{"line":3,"column":15},"end":{"line":3,"column":31}},"2":{"start":{"line":4,"column":13},"end":{"line":4,"column":42}},"3":{"start":{"line":7,"column":0},"end":{"line":37,"column":3}},"4":{"start":{"line":8,"column":2},"end":{"line":36,"column":3}},"5":{"start":{"line":9,"column":16},"end":{"line":9,"column":36}},"6":{"start":{"line":10,"column":30},"end":{"line":13,"column":5}},"7":{"start":{"line":15,"column":4},"end":{"line":17,"column":5}},"8":{"start":{"line":16,"column":6},"end":{"line":16,"column":67}},"9":{"start":{"line":19,"column":18},"end":{"line":19,"column":31}},"10":{"start":{"line":20,"column":21},"end":{"line":23,"column":5}},"11":{"start":{"line":26,"column":4},"end":{"line":30,"column":7}},"12":{"start":{"line":27,"column":6},"end":{"line":29,"column":7}},"13":{"start":{"line":28,"column":8},"end":{"line":28,"column":91}},"14":{"start":{"line":28,"column":65},"end":{"line":28,"column":73}},"15":{"start":{"line":32,"column":4},"end":{"line":32,"column":19}},"16":{"start":{"line":34,"column":4},"end":{"line":34,"column":50}},"17":{"start":{"line":35,"column":4},"end":{"line":35,"column":50}},"18":{"start":{"line":40,"column":0},"end":{"line":61,"column":3}},"19":{"start":{"line":41,"column":2},"end":{"line":60,"column":3}},"20":{"start":{"line":42,"column":19},"end":{"line":42,"column":29}},"21":{"start":{"line":43,"column":21},"end":{"line":43,"column":85}},"22":{"start":{"line":45,"column":4},"end":{"line":47,"column":5}},"23":{"start":{"line":46,"column":6},"end":{"line":46,"column":69}},"24":{"start":{"line":49,"column":21},"end":{"line":49,"column":28}},"25":{"start":{"line":52,"column":4},"end":{"line":54,"column":5}},"26":{"start":{"line":53,"column":6},"end":{"line":53,"column":103}},"27":{"start":{"line":53,"column":77},"end":{"line":53,"column":85}},"28":{"start":{"line":56,"column":4},"end":{"line":56,"column":23}},"29":{"start":{"line":58,"column":4},"end":{"line":58,"column":49}},"30":{"start":{"line":59,"column":4},"end":{"line":59,"column":50}},"31":{"start":{"line":64,"column":0},"end":{"line":92,"column":3}},"32":{"start":{"line":65,"column":2},"end":{"line":91,"column":3}},"33":{"start":{"line":66,"column":77},"end":{"line":66,"column":85}},"34":{"start":{"line":68,"column":30},"end":{"line":71,"column":5}},"35":{"start":{"line":73,"column":4},"end":{"line":75,"column":5}},"36":{"start":{"line":74,"column":6},"end":{"line":74,"column":67}},"37":{"start":{"line":77,"column":18},"end":{"line":77,"column":31}},"38":{"start":{"line":78,"column":20},"end":{"line":78,"column":70}},"39":{"start":{"line":80,"column":19},"end":{"line":84,"column":5}},"40":{"start":{"line":86,"column":4},"end":{"line":86,"column":56}},"41":{"start":{"line":87,"column":4},"end":{"line":87,"column":58}},"42":{"start":{"line":89,"column":4},"end":{"line":89,"column":50}},"43":{"start":{"line":90,"column":4},"end":{"line":90,"column":61}},"44":{"start":{"line":95,"column":0},"end":{"line":115,"column":3}},"45":{"start":{"line":96,"column":2},"end":{"line":114,"column":3}},"46":{"start":{"line":97,"column":19},"end":{"line":97,"column":29}},"47":{"start":{"line":98,"column":66},"end":{"line":98,"column":74}},"48":{"start":{"line":100,"column":20},"end":{"line":100,"column":70}},"49":{"start":{"line":102,"column":4},"end":{"line":107,"column":6}},"50":{"start":{"line":109,"column":4},"end":{"line":109,"column":47}},"51":{"start":{"line":110,"column":4},"end":{"line":110,"column":32}},"52":{"start":{"line":112,"column":4},"end":{"line":112,"column":49}},"53":{"start":{"line":113,"column":4},"end":{"line":113,"column":68}},"54":{"start":{"line":118,"column":0},"end":{"line":129,"column":3}},"55":{"start":{"line":119,"column":2},"end":{"line":128,"column":3}},"56":{"start":{"line":120,"column":19},"end":{"line":120,"column":29}},"57":{"start":{"line":121,"column":4},"end":{"line":121,"column":65}},"58":{"start":{"line":123,"column":4},"end":{"line":123,"column":45}},"59":{"start":{"line":124,"column":4},"end":{"line":124,"column":32}},"60":{"start":{"line":126,"column":4},"end":{"line":126,"column":52}},"61":{"start":{"line":127,"column":4},"end":{"line":127,"column":67}},"62":{"start":{"line":131,"column":0},"end":{"line":131,"column":24}}},"fnMap":{"0":{"name":"(anonymous_0)","decl":{"start":{"line":7,"column":26},"end":{"line":7,"column":27}},"loc":{"start":{"line":7,"column":46},"end":{"line":37,"column":1}},"line":7},"1":{"name":"(anonymous_1)","decl":{"start":{"line":26,"column":17},"end":{"line":26,"column":18}},"loc":{"start":{"line":26,"column":22},"end":{"line":30,"column":5}},"line":26},"2":{"name":"(anonymous_2)","decl":{"start":{"line":28,"column":60},"end":{"line":28,"column":61}},"loc":{"start":{"line":28,"column":65},"end":{"line":28,"column":73}},"line":28},"3":{"name":"(anonymous_3)","decl":{"start":{"line":40,"column":24},"end":{"line":40,"column":25}},"loc":{"start":{"line":40,"column":44},"end":{"line":61,"column":1}},"line":40},"4":{"name":"(anonymous_4)","decl":{"start":{"line":53,"column":72},"end":{"line":53,"column":73}},"loc":{"start":{"line":53,"column":77},"end":{"line":53,"column":85}},"line":53},"5":{"name":"(anonymous_5)","decl":{"start":{"line":64,"column":17},"end":{"line":64,"column":18}},"loc":{"start":{"line":64,"column":37},"end":{"line":92,"column":1}},"line":64},"6":{"name":"(anonymous_6)","decl":{"start":{"line":95,"column":19},"end":{"line":95,"column":20}},"loc":{"start":{"line":95,"column":39},"end":{"line":115,"column":1}},"line":95},"7":{"name":"(anonymous_7)","decl":{"start":{"line":118,"column":22},"end":{"line":118,"column":23}},"loc":{"start":{"line":118,"column":42},"end":{"line":129,"column":1}},"line":118}},"branchMap":{"0":{"loc":{"start":{"line":15,"column":4},"end":{"line":17,"column":5}},"type":"if","locations":[{"start":{"line":15,"column":4},"end":{"line":17,"column":5}},{"start":{},"end":{}}],"line":15},"1":{"loc":{"start":{"line":27,"column":6},"end":{"line":29,"column":7}},"type":"if","locations":[{"start":{"line":27,"column":6},"end":{"line":29,"column":7}},{"start":{},"end":{}}],"line":27},"2":{"loc":{"start":{"line":45,"column":4},"end":{"line":47,"column":5}},"type":"if","locations":[{"start":{"line":45,"column":4},"end":{"line":47,"column":5}},{"start":{},"end":{}}],"line":45},"3":{"loc":{"start":{"line":52,"column":4},"end":{"line":54,"column":5}},"type":"if","locations":[{"start":{"line":52,"column":4},"end":{"line":54,"column":5}},{"start":{},"end":{}}],"line":52},"4":{"loc":{"start":{"line":73,"column":4},"end":{"line":75,"column":5}},"type":"if","locations":[{"start":{"line":73,"column":4},"end":{"line":75,"column":5}},{"start":{},"end":{}}],"line":73},"5":{"loc":{"start":{"line":78,"column":20},"end":{"line":78,"column":70}},"type":"cond-expr","locations":[{"start":{"line":78,"column":42},"end":{"line":78,"column":63}},{"start":{"line":78,"column":66},"end":{"line":78,"column":70}}],"line":78},"6":{"loc":{"start":{"line":100,"column":20},"end":{"line":100,"column":70}},"type":"cond-expr","locations":[{"start":{"line":100,"column":42},"end":{"line":100,"column":63}},{"start":{"line":100,"column":66},"end":{"line":100,"column":70}}],"line":100}},"s":{"0":1,"1":1,"2":1,"3":1,"4":2,"5":2,"6":2,"7":2,"8":0,"9":2,"10":2,"11":2,"12":8,"13":0,"14":0,"15":2,"16":0,"17":0,"18":1,"19":0,"20":0,"21":0,"22":0,"23":0,"24":0,"25":0,"26":0,"27":0,"28":0,"29":0,"30":0,"31":1,"32":0,"33":0,"34":0,"35":0,"36":0,"37":0,"38":0,"39":0,"40":0,"41":0,"42":0,"43":0,"44":1,"45":0,"46":0,"47":0,"48":0,"49":0,"50":0,"51":0,"52":0,"53":0,"54":1,"55":0,"56":0,"57":0,"58":0,"59":0,"60":0,"61":0,"62":1},"f":{"0":2,"1":8,"2":0,"3":0,"4":0,"5":0,"6":0,"7":0},"b":{"0":[0,2],"1":[0,8],"2":[0,0],"3":[0,0],"4":[0,0],"5":[0,0],"6":[0,0]},"_coverageSchema":"1a1c01bbd47fc00a2c39e90264f33305004495a9","hash":"2aeabdb1ed1c7dca3cffe6938dfea1801b937077"}
,"E:\\site-gamer-2025\\backend\\utils\\ficheGenerator.js": {"path":"E:\\site-gamer-2025\\backend\\utils\\ficheGenerator.js","statementMap":{"0":{"start":{"line":1,"column":13},"end":{"line":1,"column":28}},"1":{"start":{"line":2,"column":11},"end":{"line":2,"column":24}},"2":{"start":{"line":6,"column":2},"end":{"line":75,"column":9}},"3":{"start":{"line":80,"column":2},"end":{"line":84,"column":5}},"4":{"start":{"line":87,"column":15},"end":{"line":87,"column":41}},"5":{"start":{"line":90,"column":25},"end":{"line":90,"column":77}},"6":{"start":{"line":91,"column":19},"end":{"line":91,"column":63}},"7":{"start":{"line":93,"column":2},"end":{"line":95,"column":3}},"8":{"start":{"line":94,"column":4},"end":{"line":94,"column":48}},"9":{"start":{"line":98,"column":19},"end":{"line":98,"column":82}},"10":{"start":{"line":99,"column":19},"end":{"line":99,"column":48}},"11":{"start":{"line":101,"column":2},"end":{"line":101,"column":35}},"12":{"start":{"line":103,"column":2},"end":{"line":106,"column":4}},"13":{"start":{"line":111,"column":2},"end":{"line":113,"column":3}},"14":{"start":{"line":112,"column":4},"end":{"line":112,"column":67}},"15":{"start":{"line":115,"column":23},"end":{"line":115,"column":52}},"16":{"start":{"line":117,"column":2},"end":{"line":122,"column":3}},"17":{"start":{"line":118,"column":4},"end":{"line":118,"column":32}},"18":{"start":{"line":119,"column":4},"end":{"line":119,"column":57}},"19":{"start":{"line":121,"column":4},"end":{"line":121,"column":60}},"20":{"start":{"line":127,"column":2},"end":{"line":129,"column":3}},"21":{"start":{"line":128,"column":4},"end":{"line":128,"column":16}},"22":{"start":{"line":132,"column":18},"end":{"line":132,"column":27}},"23":{"start":{"line":133,"column":2},"end":{"line":135,"column":3}},"24":{"start":{"line":134,"column":4},"end":{"line":134,"column":39}},"25":{"start":{"line":138,"column":16},"end":{"line":143,"column":3}},"26":{"start":{"line":145,"column":2},"end":{"line":149,"column":3}},"27":{"start":{"line":146,"column":4},"end":{"line":148,"column":5}},"28":{"start":{"line":147,"column":6},"end":{"line":147,"column":47}},"29":{"start":{"line":151,"column":2},"end":{"line":151,"column":14}},"30":{"start":{"line":154,"column":0},"end":{"line":159,"column":2}}},"fnMap":{"0":{"name":"generateFicheHTML","decl":{"start":{"line":5,"column":9},"end":{"line":5,"column":26}},"loc":{"start":{"line":5,"column":36},"end":{"line":76,"column":1}},"line":5},"1":{"name":"createFiche","decl":{"start":{"line":79,"column":9},"end":{"line":79,"column":20}},"loc":{"start":{"line":79,"column":39},"end":{"line":107,"column":1}},"line":79},"2":{"name":"deleteFiche","decl":{"start":{"line":110,"column":9},"end":{"line":110,"column":20}},"loc":{"start":{"line":110,"column":41},"end":{"line":123,"column":1}},"line":110},"3":{"name":"readFiche","decl":{"start":{"line":126,"column":9},"end":{"line":126,"column":18}},"loc":{"start":{"line":126,"column":39},"end":{"line":152,"column":1}},"line":126}},"branchMap":{"0":{"loc":{"start":{"line":10,"column":13},"end":{"line":10,"column":49}},"type":"binary-expr","locations":[{"start":{"line":10,"column":13},"end":{"line":10,"column":34}},{"start":{"line":10,"column":38},"end":{"line":10,"column":49}}],"line":10},"1":{"loc":{"start":{"line":34,"column":32},"end":{"line":34,"column":68}},"type":"binary-expr","locations":[{"start":{"line":34,"column":32},"end":{"line":34,"column":53}},{"start":{"line":34,"column":57},"end":{"line":34,"column":68}}],"line":34},"2":{"loc":{"start":{"line":39,"column":27},"end":{"line":39,"column":61}},"type":"binary-expr","locations":[{"start":{"line":39,"column":27},"end":{"line":39,"column":40}},{"start":{"line":39,"column":44},"end":{"line":39,"column":61}}],"line":39},"3":{"loc":{"start":{"line":93,"column":2},"end":{"line":95,"column":3}},"type":"if","locations":[{"start":{"line":93,"column":2},"end":{"line":95,"column":3}},{"start":{},"end":{}}],"line":93},"4":{"loc":{"start":{"line":111,"column":2},"end":{"line":113,"column":3}},"type":"if","locations":[{"start":{"line":111,"column":2},"end":{"line":113,"column":3}},{"start":{},"end":{}}],"line":111},"5":{"loc":{"start":{"line":117,"column":2},"end":{"line":122,"column":3}},"type":"if","locations":[{"start":{"line":117,"column":2},"end":{"line":122,"column":3}},{"start":{"line":120,"column":9},"end":{"line":122,"column":3}}],"line":117},"6":{"loc":{"start":{"line":127,"column":2},"end":{"line":129,"column":3}},"type":"if","locations":[{"start":{"line":127,"column":2},"end":{"line":129,"column":3}},{"start":{},"end":{}}],"line":127},"7":{"loc":{"start":{"line":133,"column":2},"end":{"line":135,"column":3}},"type":"if","locations":[{"start":{"line":133,"column":2},"end":{"line":135,"column":3}},{"start":{},"end":{}}],"line":133},"8":{"loc":{"start":{"line":146,"column":4},"end":{"line":148,"column":5}},"type":"if","locations":[{"start":{"line":146,"column":4},"end":{"line":148,"column":5}},{"start":{},"end":{}}],"line":146}},"s":{"0":2,"1":2,"2":6,"3":0,"4":0,"5":0,"6":0,"7":0,"8":0,"9":0,"10":0,"11":0,"12":0,"13":0,"14":0,"15":0,"16":0,"17":0,"18":0,"19":0,"20":0,"21":0,"22":0,"23":0,"24":0,"25":0,"26":0,"27":0,"28":0,"29":0,"30":2},"f":{"0":6,"1":0,"2":0,"3":0},"b":{"0":[6,1],"1":[6,1],"2":[6,1],"3":[0,0],"4":[0,0],"5":[0,0],"6":[0,0],"7":[0,0],"8":[0,0]},"_coverageSchema":"1a1c01bbd47fc00a2c39e90264f33305004495a9","hash":"c84fb71308a30b0b41744d07403351672bea92c3"}
}
