TN:
SF:backend\routes\content.js
FN:7,getCategoryId
FN:18,(anonymous_1)
FN:33,(anonymous_2)
FN:35,(anonymous_3)
FN:47,(anonymous_4)
FN:69,(anonymous_5)
FN:91,(anonymous_6)
FN:113,(anonymous_7)
FNF:8
FNH:0
FNDA:0,getCategoryId
FNDA:0,(anonymous_1)
FNDA:0,(anonymous_2)
FNDA:0,(anonymous_3)
FNDA:0,(anonymous_4)
FNDA:0,(anonymous_5)
FNDA:0,(anonymous_6)
FNDA:0,(anonymous_7)
DA:2,0
DA:3,0
DA:4,0
DA:8,0
DA:9,0
DA:10,0
DA:11,0
DA:12,0
DA:14,0
DA:18,0
DA:19,0
DA:20,0
DA:21,0
DA:23,0
DA:24,0
DA:27,0
DA:33,0
DA:34,0
DA:35,0
DA:39,0
DA:41,0
DA:42,0
DA:47,0
DA:48,0
DA:49,0
DA:50,0
DA:52,0
DA:53,0
DA:56,0
DA:61,0
DA:63,0
DA:64,0
DA:69,0
DA:70,0
DA:71,0
DA:72,0
DA:74,0
DA:75,0
DA:78,0
DA:83,0
DA:85,0
DA:86,0
DA:91,0
DA:92,0
DA:93,0
DA:94,0
DA:96,0
DA:97,0
DA:100,0
DA:105,0
DA:107,0
DA:108,0
DA:113,0
DA:114,0
DA:115,0
DA:116,0
DA:118,0
DA:119,0
DA:122,0
DA:127,0
DA:129,0
DA:130,0
DA:134,0
LF:63
LH:0
BRDA:10,0,0,0
BRDA:10,0,1,0
BRDA:23,1,0,0
BRDA:23,1,1,0
BRDA:34,2,0,0
BRDA:34,2,1,0
BRDA:52,3,0,0
BRDA:52,3,1,0
BRDA:74,4,0,0
BRDA:74,4,1,0
BRDA:96,5,0,0
BRDA:96,5,1,0
BRDA:118,6,0,0
BRDA:118,6,1,0
BRF:14
BRH:0
end_of_record
TN:
SF:backend\routes\fiches.js
FN:8,(anonymous_0)
FN:37,(anonymous_1)
FN:60,(anonymous_2)
FNF:3
FNH:0
FNDA:0,(anonymous_0)
FNDA:0,(anonymous_1)
FNDA:0,(anonymous_2)
DA:1,1
DA:2,1
DA:3,1
DA:4,1
DA:5,1
DA:8,1
DA:9,0
DA:10,0
DA:13,0
DA:14,0
DA:15,0
DA:18,0
DA:19,0
DA:22,0
DA:24,0
DA:31,0
DA:32,0
DA:37,1
DA:38,0
DA:39,0
DA:42,0
DA:43,0
DA:44,0
DA:47,0
DA:48,0
DA:50,0
DA:51,0
DA:54,0
DA:55,0
DA:60,1
DA:61,0
DA:62,0
DA:63,0
DA:66,0
DA:68,0
DA:69,0
DA:70,0
DA:73,0
DA:74,0
DA:76,0
DA:77,0
DA:78,0
DA:81,0
DA:82,0
DA:84,0
DA:85,0
DA:86,0
DA:88,0
DA:89,0
DA:97,0
DA:98,0
DA:102,1
LF:52
LH:9
BRDA:14,0,0,0
BRDA:14,0,1,0
BRDA:43,1,0,0
BRDA:43,1,1,0
BRDA:68,2,0,0
BRDA:68,2,1,0
BRDA:76,3,0,0
BRDA:76,3,1,0
BRDA:84,4,0,0
BRDA:84,4,1,0
BRF:10
BRH:0
end_of_record
TN:
SF:backend\routes\insights.js
FN:7,(anonymous_0)
FN:26,(anonymous_1)
FN:28,(anonymous_2)
FN:40,(anonymous_3)
FN:71,(anonymous_4)
FN:94,(anonymous_5)
FNF:6
FNH:0
FNDA:0,(anonymous_0)
FNDA:0,(anonymous_1)
FNDA:0,(anonymous_2)
FNDA:0,(anonymous_3)
FNDA:0,(anonymous_4)
FNDA:0,(anonymous_5)
DA:2,0
DA:3,0
DA:4,0
DA:7,0
DA:8,0
DA:9,0
DA:10,0
DA:15,0
DA:16,0
DA:19,0
DA:20,0
DA:26,0
DA:27,0
DA:28,0
DA:32,0
DA:34,0
DA:35,0
DA:40,0
DA:41,0
DA:42,0
DA:44,0
DA:49,0
DA:50,0
DA:53,0
DA:54,0
DA:56,0
DA:62,0
DA:63,0
DA:65,0
DA:66,0
DA:71,0
DA:72,0
DA:73,0
DA:74,0
DA:76,0
DA:78,0
DA:85,0
DA:86,0
DA:88,0
DA:89,0
DA:94,0
DA:95,0
DA:96,0
DA:97,0
DA:99,0
DA:100,0
DA:102,0
DA:103,0
DA:107,0
LF:49
LH:0
BRDA:15,0,0,0
BRDA:15,0,1,0
BRDA:27,1,0,0
BRDA:27,1,1,0
BRDA:49,2,0,0
BRDA:49,2,1,0
BRDA:54,3,0,0
BRDA:54,3,1,0
BRDA:76,4,0,0
BRDA:76,4,1,0
BRF:10
BRH:0
end_of_record
TN:
SF:backend\routes\marche.js
FN:7,(anonymous_0)
FN:26,(anonymous_1)
FN:28,(anonymous_2)
FN:40,(anonymous_3)
FN:71,(anonymous_4)
FN:94,(anonymous_5)
FNF:6
FNH:0
FNDA:0,(anonymous_0)
FNDA:0,(anonymous_1)
FNDA:0,(anonymous_2)
FNDA:0,(anonymous_3)
FNDA:0,(anonymous_4)
FNDA:0,(anonymous_5)
DA:2,0
DA:3,0
DA:4,0
DA:7,0
DA:8,0
DA:9,0
DA:10,0
DA:15,0
DA:16,0
DA:19,0
DA:20,0
DA:26,0
DA:27,0
DA:28,0
DA:32,0
DA:34,0
DA:35,0
DA:40,0
DA:41,0
DA:42,0
DA:44,0
DA:49,0
DA:50,0
DA:53,0
DA:54,0
DA:56,0
DA:62,0
DA:63,0
DA:65,0
DA:66,0
DA:71,0
DA:72,0
DA:73,0
DA:74,0
DA:76,0
DA:78,0
DA:85,0
DA:86,0
DA:88,0
DA:89,0
DA:94,0
DA:95,0
DA:96,0
DA:97,0
DA:99,0
DA:100,0
DA:102,0
DA:103,0
DA:107,0
LF:49
LH:0
BRDA:15,0,0,0
BRDA:15,0,1,0
BRDA:27,1,0,0
BRDA:27,1,1,0
BRDA:49,2,0,0
BRDA:49,2,1,0
BRDA:54,3,0,0
BRDA:54,3,1,0
BRDA:76,4,0,0
BRDA:76,4,1,0
BRF:10
BRH:0
end_of_record
TN:
SF:backend\routes\predictions.js
FN:7,(anonymous_0)
FN:33,(anonymous_1)
FN:65,(anonymous_2)
FN:89,(anonymous_3)
FNF:4
FNH:0
FNDA:0,(anonymous_0)
FNDA:0,(anonymous_1)
FNDA:0,(anonymous_2)
FNDA:0,(anonymous_3)
DA:2,0
DA:3,0
DA:4,0
DA:7,0
DA:8,0
DA:9,0
DA:10,0
DA:15,0
DA:16,0
DA:19,0
DA:20,0
DA:25,0
DA:27,0
DA:28,0
DA:33,0
DA:34,0
DA:35,0
DA:37,0
DA:42,0
DA:43,0
DA:46,0
DA:47,0
DA:48,0
DA:50,0
DA:56,0
DA:57,0
DA:59,0
DA:60,0
DA:65,0
DA:66,0
DA:67,0
DA:68,0
DA:70,0
DA:71,0
DA:73,0
DA:80,0
DA:81,0
DA:83,0
DA:84,0
DA:89,0
DA:90,0
DA:91,0
DA:92,0
DA:94,0
DA:95,0
DA:97,0
DA:98,0
DA:102,0
LF:48
LH:0
BRDA:15,0,0,0
BRDA:15,0,1,0
BRDA:42,1,0,0
BRDA:42,1,1,0
BRDA:47,2,0,0
BRDA:47,2,1,0
BRDA:47,3,0,0
BRDA:47,3,1,0
BRDA:48,4,0,0
BRDA:48,4,1,0
BRDA:48,5,0,0
BRDA:48,5,1,0
BRDA:53,6,0,0
BRDA:53,6,1,0
BRDA:53,7,0,0
BRDA:53,7,1,0
BRDA:70,8,0,0
BRDA:70,8,1,0
BRDA:70,9,0,0
BRDA:70,9,1,0
BRDA:71,10,0,0
BRDA:71,10,1,0
BRDA:71,11,0,0
BRDA:71,11,1,0
BRDA:77,12,0,0
BRDA:77,12,1,0
BRDA:77,13,0,0
BRDA:77,13,1,0
BRF:28
BRH:0
end_of_record
TN:
SF:backend\routes\produits.js
FN:8,slugToTitreAffiche
FN:12,(anonymous_1)
FN:16,(anonymous_2)
FN:38,(anonymous_3)
FN:63,(anonymous_4)
FN:106,(anonymous_5)
FN:173,(anonymous_6)
FN:229,(anonymous_7)
FNF:8
FNH:3
FNDA:0,slugToTitreAffiche
FNDA:0,(anonymous_1)
FNDA:2,(anonymous_2)
FNDA:61,(anonymous_3)
FNDA:2,(anonymous_4)
FNDA:0,(anonymous_5)
FNDA:0,(anonymous_6)
FNDA:0,(anonymous_7)
DA:1,1
DA:2,1
DA:3,1
DA:4,1
DA:5,1
DA:9,0
DA:12,0
DA:16,1
DA:17,2
DA:18,2
DA:19,2
DA:25,2
DA:27,2
DA:28,1
DA:29,1
DA:32,2
DA:34,2
DA:35,2
DA:38,2
DA:39,61
DA:40,61
DA:42,0
DA:44,61
DA:47,2
DA:54,0
DA:55,0
DA:63,1
DA:64,2
DA:65,2
DA:66,2
DA:74,2
DA:75,1
DA:81,1
DA:84,1
DA:85,1
DA:86,1
DA:88,0
DA:91,1
DA:97,0
DA:98,0
DA:106,1
DA:107,0
DA:112,0
DA:114,0
DA:115,0
DA:122,0
DA:131,0
DA:133,0
DA:137,0
DA:147,0
DA:154,0
DA:155,0
DA:157,0
DA:164,0
DA:165,0
DA:173,1
DA:174,0
DA:175,0
DA:180,0
DA:182,0
DA:198,0
DA:212,0
DA:213,0
DA:220,0
DA:221,0
DA:229,1
DA:230,0
DA:231,0
DA:232,0
DA:237,0
DA:238,0
DA:243,0
DA:249,0
DA:250,0
DA:257,1
LF:75
LH:36
BRDA:27,0,0,1
BRDA:27,0,1,1
BRDA:39,1,0,61
BRDA:39,1,1,0
BRDA:74,2,0,1
BRDA:74,2,1,1
BRDA:84,3,0,1
BRDA:84,3,1,0
BRDA:114,4,0,0
BRDA:114,4,1,0
BRDA:133,5,0,0
BRDA:133,5,1,0
BRDA:133,6,0,0
BRDA:133,6,1,0
BRDA:139,7,0,0
BRDA:139,7,1,0
BRDA:139,8,0,0
BRDA:139,8,1,0
BRDA:140,9,0,0
BRDA:140,9,1,0
BRDA:141,10,0,0
BRDA:141,10,1,0
BRDA:142,11,0,0
BRDA:142,11,1,0
BRDA:142,12,0,0
BRDA:142,12,1,0
BRDA:143,13,0,0
BRDA:143,13,1,0
BRDA:143,14,0,0
BRDA:143,14,1,0
BRDA:200,15,0,0
BRDA:200,15,1,0
BRDA:201,16,0,0
BRDA:201,16,1,0
BRDA:202,17,0,0
BRDA:202,17,1,0
BRDA:203,18,0,0
BRDA:203,18,1,0
BRDA:204,19,0,0
BRDA:204,19,1,0
BRDA:205,20,0,0
BRDA:205,20,1,0
BRDA:206,21,0,0
BRDA:206,21,1,0
BRDA:207,22,0,0
BRDA:207,22,1,0
BRDA:208,23,0,0
BRDA:208,23,1,0
BRDA:237,24,0,0
BRDA:237,24,1,0
BRF:50
BRH:6
end_of_record
TN:
SF:backend\routes\technologies.js
FN:7,(anonymous_0)
FN:26,(anonymous_1)
FN:28,(anonymous_2)
FN:40,(anonymous_3)
FN:71,(anonymous_4)
FN:94,(anonymous_5)
FNF:6
FNH:0
FNDA:0,(anonymous_0)
FNDA:0,(anonymous_1)
FNDA:0,(anonymous_2)
FNDA:0,(anonymous_3)
FNDA:0,(anonymous_4)
FNDA:0,(anonymous_5)
DA:2,0
DA:3,0
DA:4,0
DA:7,0
DA:8,0
DA:9,0
DA:10,0
DA:15,0
DA:16,0
DA:19,0
DA:20,0
DA:26,0
DA:27,0
DA:28,0
DA:32,0
DA:34,0
DA:35,0
DA:40,0
DA:41,0
DA:42,0
DA:44,0
DA:49,0
DA:50,0
DA:53,0
DA:54,0
DA:56,0
DA:62,0
DA:63,0
DA:65,0
DA:66,0
DA:71,0
DA:72,0
DA:73,0
DA:74,0
DA:76,0
DA:78,0
DA:85,0
DA:86,0
DA:88,0
DA:89,0
DA:94,0
DA:95,0
DA:96,0
DA:97,0
DA:99,0
DA:100,0
DA:102,0
DA:103,0
DA:107,0
LF:49
LH:0
BRDA:15,0,0,0
BRDA:15,0,1,0
BRDA:27,1,0,0
BRDA:27,1,1,0
BRDA:49,2,0,0
BRDA:49,2,1,0
BRDA:54,3,0,0
BRDA:54,3,1,0
BRDA:76,4,0,0
BRDA:76,4,1,0
BRF:10
BRH:0
end_of_record
TN:
SF:backend\routes\tendances.js
FN:7,(anonymous_0)
FN:26,(anonymous_1)
FN:28,(anonymous_2)
FN:40,(anonymous_3)
FN:53,(anonymous_4)
FN:64,(anonymous_5)
FN:95,(anonymous_6)
FN:118,(anonymous_7)
FNF:8
FNH:2
FNDA:2,(anonymous_0)
FNDA:8,(anonymous_1)
FNDA:0,(anonymous_2)
FNDA:0,(anonymous_3)
FNDA:0,(anonymous_4)
FNDA:0,(anonymous_5)
FNDA:0,(anonymous_6)
FNDA:0,(anonymous_7)
DA:2,1
DA:3,1
DA:4,1
DA:7,1
DA:8,2
DA:9,2
DA:10,2
DA:15,2
DA:16,0
DA:19,2
DA:20,2
DA:26,2
DA:27,8
DA:28,0
DA:32,2
DA:34,0
DA:35,0
DA:40,1
DA:41,0
DA:42,0
DA:43,0
DA:45,0
DA:46,0
DA:49,0
DA:52,0
DA:53,0
DA:56,0
DA:58,0
DA:59,0
DA:64,1
DA:65,0
DA:66,0
DA:68,0
DA:73,0
DA:74,0
DA:77,0
DA:78,0
DA:80,0
DA:86,0
DA:87,0
DA:89,0
DA:90,0
DA:95,1
DA:96,0
DA:97,0
DA:98,0
DA:100,0
DA:102,0
DA:109,0
DA:110,0
DA:112,0
DA:113,0
DA:118,1
DA:119,0
DA:120,0
DA:121,0
DA:123,0
DA:124,0
DA:126,0
DA:127,0
DA:131,1
LF:61
LH:18
BRDA:15,0,0,0
BRDA:15,0,1,2
BRDA:27,1,0,0
BRDA:27,1,1,8
BRDA:45,2,0,0
BRDA:45,2,1,0
BRDA:52,3,0,0
BRDA:52,3,1,0
BRDA:73,4,0,0
BRDA:73,4,1,0
BRDA:78,5,0,0
BRDA:78,5,1,0
BRDA:100,6,0,0
BRDA:100,6,1,0
BRF:14
BRH:2
end_of_record
TN:
SF:backend\utils\ficheGenerator.js
FN:5,generateFicheHTML
FN:79,createFiche
FN:110,deleteFiche
FN:126,readFiche
FNF:4
FNH:1
FNDA:6,generateFicheHTML
FNDA:0,createFiche
FNDA:0,deleteFiche
FNDA:0,readFiche
DA:1,2
DA:2,2
DA:6,6
DA:80,0
DA:87,0
DA:90,0
DA:91,0
DA:93,0
DA:94,0
DA:98,0
DA:99,0
DA:101,0
DA:103,0
DA:111,0
DA:112,0
DA:115,0
DA:117,0
DA:118,0
DA:119,0
DA:121,0
DA:127,0
DA:128,0
DA:132,0
DA:133,0
DA:134,0
DA:138,0
DA:145,0
DA:146,0
DA:147,0
DA:151,0
DA:154,2
LF:31
LH:4
BRDA:10,0,0,6
BRDA:10,0,1,1
BRDA:34,1,0,6
BRDA:34,1,1,1
BRDA:39,2,0,6
BRDA:39,2,1,1
BRDA:93,3,0,0
BRDA:93,3,1,0
BRDA:111,4,0,0
BRDA:111,4,1,0
BRDA:117,5,0,0
BRDA:117,5,1,0
BRDA:127,6,0,0
BRDA:127,6,1,0
BRDA:133,7,0,0
BRDA:133,7,1,0
BRDA:146,8,0,0
BRDA:146,8,1,0
BRF:18
BRH:6
end_of_record
